T1:
	radix_sort: 4.9e-06s
	merge_sort: 2.5e-06s
	shell_sort: 2.6e-06s
	count_sort: 0.24899s
	quick_sort: 8.2e-06s
	intro_sort: 1.4e-06s

T2:
	radix_sort: 1.42e-05s
	merge_sort: 1.93e-05s
	shell_sort: 5.1e-06s
	count_sort: 0.0293258s
	quick_sort: 5.72e-05s
	intro_sort: 1.65e-05s

T3:
	radix_sort: 9.92e-05s
	merge_sort: 0.000189s
	shell_sort: 8.16e-05s
	count_sort: 0.0027574s
	quick_sort: 0.0005671s
	intro_sort: 0.0002027s

T4:
	radix_sort: 0.0008088s
	merge_sort: 0.0023807s
	shell_sort: 0.0012965s
	count_sort: 0.0005609s
	quick_sort: 0.0049847s
	intro_sort: 0.0026089s

T5:
	radix_sort: 0.0084808s
	merge_sort: 0.0247041s
	shell_sort: 0.0207252s
	count_sort: 0.0005524s
	quick_sort: 0.025701s
	intro_sort: 0.0331215s

T6:
	radix_sort: 0.0848085s
	merge_sort: 0.240973s
	shell_sort: 0.213375s
	count_sort: 0.0042882s
	quick_sort: 0.0999377s
	intro_sort: 0.18127s

T7:
	radix_sort: 0.500095s
	merge_sort: 2.26192s
	shell_sort: 1.27669s
	count_sort: 0.0409164s
	quick_sort: 0.579494s
	intro_sort: 1.15248s

T8:
	radix_sort: 3.47839s
	merge_sort: 23.9344s
	shell_sort: 10.0418s
	count_sort: 0.412084s
	quick_sort: 5.80616s
	intro_sort: 6.29191s

T9:
	radix_sort: 2.7e-06s
	merge_sort: 2.6e-06s
	shell_sort: 7e-07s
	count_sort: 7.3e-06s
	quick_sort: 2.04e-05s
	intro_sort: 1.7e-06s

T10:
	radix_sort: 7.1e-06s
	merge_sort: 4.08e-05s
	shell_sort: 5.4e-06s
	count_sort: 1.7e-06s
	quick_sort: 0.0001011s
	intro_sort: 1.28e-05s

T11:
	radix_sort: 8.16e-05s
	merge_sort: 0.0003925s
	shell_sort: 7.88e-05s
	count_sort: 1.24e-05s
	quick_sort: 0.000506s
	intro_sort: 0.000184s

T12:
	radix_sort: 0.0008027s
	merge_sort: 0.0021127s
	shell_sort: 0.0012946s
	count_sort: 0.0001178s
	quick_sort: 0.0036766s
	intro_sort: 0.0024083s

T13:
	radix_sort: 0.007856s
	merge_sort: 0.0247355s
	shell_sort: 0.01787s
	count_sort: 0.001114s
	quick_sort: 0.0386413s
	intro_sort: 0.029995s

T14:
	radix_sort: 0.0962335s
	merge_sort: 0.233242s
	shell_sort: 0.235793s
	count_sort: 0.0134887s
	quick_sort: 0.415621s
	intro_sort: 0.367252s

T15:
	radix_sort: 1.29691s
	merge_sort: 2.67714s
	shell_sort: 3.4884s
	count_sort: 0.244493s
	quick_sort: 4.54996s
	intro_sort: 4.36647s

T16:
	radix_sort: 14.555s
	merge_sort: 30.7302s
	shell_sort: 55.3217s
	count_sort: 3.27685s
	quick_sort: 53.0312s
	intro_sort: 50.71s

Medie de timp:
	radix_sort: 1.25185s
	merge_sort: 3.75828s
	shell_sort: 4.41369s
	count_sort: 0.267223s
	quick_sort: 4.03479s
	intro_sort: 3.94612s
